# JRE version: Java(TM) SE Runtime Environment (8.0_301-b09) (build 1.8.0_301-b09)
# Java VM: Java HotSpot(TM) 64-Bit Server VM (25.301-b09 mixed mode windows-amd64 compressed oops)
Heap:
 PSYoungGen      total 37888K, used 18410K [0x00000000eb200000, 0x00000000eec00000, 0x0000000100000000)
  eden space 32256K, 52% used [0x00000000eb200000,0x00000000ec2aff58,0x00000000ed180000)
  from space 5632K, 23% used [0x00000000ed180000,0x00000000ed2cabc0,0x00000000ed700000)
  to   space 6144K, 0% used [0x00000000ee600000,0x00000000ee600000,0x00000000eec00000)
 ParOldGen       total 32256K, used 7251K [0x00000000c1600000, 0x00000000c3580000, 0x00000000eb200000)
  object space 32256K, 22% used [0x00000000c1600000,0x00000000c1d14ff0,0x00000000c3580000)
 Metaspace       used 23673K, capacity 25320K, committed 25520K, reserved 1071104K
  class space    used 3072K, capacity 3406K, committed 3504K, reserved 1048576K
GC Heap History (10 events):
Event: 5.864 GC heap before
{Heap before GC invocations=6 (full 0):
 PSYoungGen      total 18944K, used 18936K [0x00000000eb200000, 0x00000000edc00000, 0x0000000100000000)
  eden space 16384K, 100% used [0x00000000eb200000,0x00000000ec200000,0x00000000ec200000)
  from space 2560K, 99% used [0x00000000ec200000,0x00000000ec47e220,0x00000000ec480000)
  to   space 5120K, 0% used [0x00000000ed700000,0x00000000ed700000,0x00000000edc00000)
 ParOldGen       total 44032K, used 5833K [0x00000000c1600000, 0x00000000c4100000, 0x00000000eb200000)
  object space 44032K, 13% used [0x00000000c1600000,0x00000000c1bb2540,0x00000000c4100000)
 Metaspace       used 16756K, capacity 18190K, committed 18432K, reserved 1064960K
  class space    used 2188K, capacity 2487K, committed 2560K, reserved 1048576K
Event: 5.884 GC heap after
Heap after GC invocations=6 (full 0):
 PSYoungGen      total 37888K, used 4454K [0x00000000eb200000, 0x00000000edc00000, 0x0000000100000000)
  eden space 32768K, 0% used [0x00000000eb200000,0x00000000eb200000,0x00000000ed200000)
  from space 5120K, 87% used [0x00000000ed700000,0x00000000edb59a30,0x00000000edc00000)
  to   space 5120K, 0% used [0x00000000ed200000,0x00000000ed200000,0x00000000ed700000)
 ParOldGen       total 44032K, used 5833K [0x00000000c1600000, 0x00000000c4100000, 0x00000000eb200000)
  object space 44032K, 13% used [0x00000000c1600000,0x00000000c1bb2540,0x00000000c4100000)
 Metaspace       used 16756K, capacity 18190K, committed 18432K, reserved 1064960K
  class space    used 2188K, capacity 2487K, committed 2560K, reserved 1048576K
}
Event: 6.515 GC heap before
{Heap before GC invocations=7 (full 0):
 PSYoungGen      total 37888K, used 28479K [0x00000000eb200000, 0x00000000edc00000, 0x0000000100000000)
  eden space 32768K, 73% used [0x00000000eb200000,0x00000000ec976350,0x00000000ed200000)
  from space 5120K, 87% used [0x00000000ed700000,0x00000000edb59a30,0x00000000edc00000)
  to   space 5120K, 0% used [0x00000000ed200000,0x00000000ed200000,0x00000000ed700000)
 ParOldGen       total 44032K, used 5833K [0x00000000c1600000, 0x00000000c4100000, 0x00000000eb200000)
  object space 44032K, 13% used [0x00000000c1600000,0x00000000c1bb2540,0x00000000c4100000)
 Metaspace       used 19771K, capacity 21226K, committed 21296K, reserved 1067008K
  class space    used 2547K, capacity 2847K, committed 2864K, reserved 1048576K
Event: 6.530 GC heap after
Heap after GC invocations=7 (full 0):
 PSYoungGen      total 37888K, used 5099K [0x00000000eb200000, 0x00000000edc00000, 0x0000000100000000)
  eden space 32768K, 0% used [0x00000000eb200000,0x00000000eb200000,0x00000000ed200000)
  from space 5120K, 99% used [0x00000000ed200000,0x00000000ed6facf0,0x00000000ed700000)
  to   space 5120K, 0% used [0x00000000ed700000,0x00000000ed700000,0x00000000edc00000)
 ParOldGen       total 44032K, used 7183K [0x00000000c1600000, 0x00000000c4100000, 0x00000000eb200000)
  object space 44032K, 16% used [0x00000000c1600000,0x00000000c1d03dd8,0x00000000c4100000)
 Metaspace       used 19771K, capacity 21226K, committed 21296K, reserved 1067008K
  class space    used 2547K, capacity 2847K, committed 2864K, reserved 1048576K
}
Event: 6.530 GC heap before
{Heap before GC invocations=8 (full 1):
 PSYoungGen      total 37888K, used 5099K [0x00000000eb200000, 0x00000000edc00000, 0x0000000100000000)
  eden space 32768K, 0% used [0x00000000eb200000,0x00000000eb200000,0x00000000ed200000)
  from space 5120K, 99% used [0x00000000ed200000,0x00000000ed6facf0,0x00000000ed700000)
  to   space 5120K, 0% used [0x00000000ed700000,0x00000000ed700000,0x00000000edc00000)
 ParOldGen       total 44032K, used 7183K [0x00000000c1600000, 0x00000000c4100000, 0x00000000eb200000)
  object space 44032K, 16% used [0x00000000c1600000,0x00000000c1d03dd8,0x00000000c4100000)
 Metaspace       used 19771K, capacity 21226K, committed 21296K, reserved 1067008K
  class space    used 2547K, capacity 2847K, committed 2864K, reserved 1048576K
Event: 6.588 GC heap after
Heap after GC invocations=8 (full 1):
 PSYoungGen      total 37888K, used 0K [0x00000000eb200000, 0x00000000edc00000, 0x0000000100000000)
  eden space 32768K, 0% used [0x00000000eb200000,0x00000000eb200000,0x00000000ed200000)
  from space 5120K, 0% used [0x00000000ed200000,0x00000000ed200000,0x00000000ed700000)
  to   space 5120K, 0% used [0x00000000ed700000,0x00000000ed700000,0x00000000edc00000)
 ParOldGen       total 32256K, used 7251K [0x00000000c1600000, 0x00000000c3580000, 0x00000000eb200000)
  object space 32256K, 22% used [0x00000000c1600000,0x00000000c1d14ff0,0x00000000c3580000)
 Metaspace       used 19771K, capacity 21226K, committed 21296K, reserved 1067008K
  class space    used 2547K, capacity 2847K, committed 2864K, reserved 1048576K
}
Event: 7.048 GC heap before
{Heap before GC invocations=9 (full 1):
 PSYoungGen      total 37888K, used 32765K [0x00000000eb200000, 0x00000000edc00000, 0x0000000100000000)
  eden space 32768K, 99% used [0x00000000eb200000,0x00000000ed1ff448,0x00000000ed200000)
  from space 5120K, 0% used [0x00000000ed200000,0x00000000ed200000,0x00000000ed700000)
  to   space 5120K, 0% used [0x00000000ed700000,0x00000000ed700000,0x00000000edc00000)
 ParOldGen       total 32256K, used 7251K [0x00000000c1600000, 0x00000000c3580000, 0x00000000eb200000)
  object space 32256K, 22% used [0x00000000c1600000,0x00000000c1d14ff0,0x00000000c3580000)
 Metaspace       used 22392K, capacity 23906K, committed 23984K, reserved 1071104K
  class space    used 2902K, capacity 3193K, committed 3248K, reserved 1048576K
Event: 7.056 GC heap after
Heap after GC invocations=9 (full 1):
 PSYoungGen      total 37376K, used 3775K [0x00000000eb200000, 0x00000000ef180000, 0x0000000100000000)
  eden space 32256K, 0% used [0x00000000eb200000,0x00000000eb200000,0x00000000ed180000)
  from space 5120K, 73% used [0x00000000ed700000,0x00000000edaafef8,0x00000000edc00000)
  to   space 5632K, 0% used [0x00000000ed180000,0x00000000ed180000,0x00000000ed700000)
 ParOldGen       total 32256K, used 7251K [0x00000000c1600000, 0x00000000c3580000, 0x00000000eb200000)
  object space 32256K, 22% used [0x00000000c1600000,0x00000000c1d14ff0,0x00000000c3580000)
 Metaspace       used 22392K, capacity 23906K, committed 23984K, reserved 1071104K
  class space    used 2902K, capacity 3193K, committed 3248K, reserved 1048576K
}
Event: 7.118 GC heap before
{Heap before GC invocations=10 (full 1):
 PSYoungGen      total 37376K, used 36031K [0x00000000eb200000, 0x00000000ef180000, 0x0000000100000000)
  eden space 32256K, 100% used [0x00000000eb200000,0x00000000ed180000,0x00000000ed180000)
  from space 5120K, 73% used [0x00000000ed700000,0x00000000edaafef8,0x00000000edc00000)
  to   space 5632K, 0% used [0x00000000ed180000,0x00000000ed180000,0x00000000ed700000)
 ParOldGen       total 32256K, used 7251K [0x00000000c1600000, 0x00000000c3580000, 0x00000000eb200000)
  object space 32256K, 22% used [0x00000000c1600000,0x00000000c1d14ff0,0x00000000c3580000)
 Metaspace       used 22629K, capacity 24130K, committed 24240K, reserved 1071104K
  class space    used 2931K, capacity 3225K, committed 3248K, reserved 1048576K
Event: 7.124 GC heap after
Heap after GC invocations=10 (full 1):
 PSYoungGen      total 37888K, used 1322K [0x00000000eb200000, 0x00000000eec00000, 0x0000000100000000)
  eden space 32256K, 0% used [0x00000000eb200000,0x00000000eb200000,0x00000000ed180000)
  from space 5632K, 23% used [0x00000000ed180000,0x00000000ed2cabc0,0x00000000ed700000)
  to   space 6144K, 0% used [0x00000000ee600000,0x00000000ee600000,0x00000000eec00000)
 ParOldGen       total 32256K, used 7251K [0x00000000c1600000, 0x00000000c3580000, 0x00000000eb200000)
  object space 32256K, 22% used [0x00000000c1600000,0x00000000c1d14ff0,0x00000000c3580000)
 Metaspace       used 22629K, capacity 24130K, committed 24240K, reserved 1071104K
  class space    used 2931K, capacity 3225K, committed 3248K, reserved 1048576K
}

